<?xml version="1.0" encoding="UTF-8"?>
<!-- Generated by org.testng.reporters.JUnitReportReporter -->
<testsuite skipped="0" hostname="LAPTOP-0PBP6KKJ" name="demo221MavenTestNGGitJenkins.SFDCTest" tests="1" failures="0" timestamp="2020-02-29T03:34:43 PST" time="12.707" errors="0">
  <testcase name="LoginSFDC" time="12.707" classname="demo221MavenTestNGGitJenkins.SFDCTest"/>
</testsuite> <!-- demo221MavenTestNGGitJenkins.SFDCTest -->
